#
# There is insufficient memory for the Java Runtime Environment to continue.
# Native memory allocation (malloc) failed to allocate 65552 bytes for Chunk::new
# Possible reasons:
#   The system is out of physical RAM or swap space
#   The process is running with CompressedOops enabled, and the Java Heap may be blocking the growth of the native heap
# Possible solutions:
#   Reduce memory load on the system
#   Increase physical memory or swap space
#   Check if swap backing store is full
#   Decrease Java heap size (-Xmx/-Xms)
#   Decrease number of Java threads
#   Decrease Java thread stack sizes (-Xss)
#   Set larger code cache with -XX:ReservedCodeCacheSize=
#   JVM is running with Zero Based Compressed Oops mode in which the Java heap is
#     placed in the first 32GB address space. The Java Heap base address is the
#     maximum limit for the native heap growth. Please use -XX:HeapBaseMinAddress
#     to set the Java Heap base and to place the Java Heap above 32GB virtual address.
# This output file may be truncated or incomplete.
#
#  Out of Memory Error (arena.cpp:195), pid=20312, tid=7764
#
# JRE version: Java(TM) SE Runtime Environment (16.0.1+9) (build 16.0.1+9-24)
# Java VM: Java HotSpot(TM) 64-Bit Server VM (16.0.1+9-24, mixed mode, sharing, tiered, compressed oops, compressed class ptrs, g1 gc, windows-amd64)
# No core dump will be written. Minidumps are not enabled by default on client versions of Windows
#

---------------  S U M M A R Y ------------

Command Line: -XX:+ShowCodeDetailsInExceptionMessages -agentlib:jdwp=transport=dt_socket,suspend=y,address=localhost:53352 -javaagent:C:\Users\LENOVO THINKPD T440\eclipse\jee-2021-03\eclipse\configuration\org.eclipse.osgi\936\0\.cp\lib\javaagent-shaded.jar -Dfile.encoding=Cp1252 Sql_Query_Like

Host: Intel(R) Core(TM) i7-5600U CPU @ 2.60GHz, 4 cores, 15G,  Windows 10 , 64 bit Build 19041 (10.0.19041.928)
Time: Wed May 26 20:24:55 2021 India Standard Time elapsed time: 7.891637 seconds (0d 0h 0m 7s)

---------------  T H R E A D  ---------------

Current thread (0x000001de46b47720):  JavaThread "C2 CompilerThread1" daemon [_thread_in_native, id=7764, stack(0x0000005235400000,0x0000005235500000)]


Current CompileTask:
C2:   7891 1274       4       org.eclipse.jdt.launching.internal.org.objectweb.asm.ClassReader::readMethod (1061 bytes)

Stack: [0x0000005235400000,0x0000005235500000]
Native frames: (J=compiled Java code, j=interpreted, Vv=VM code, C=native code)
V  [jvm.dll+0x6687ca]
V  [jvm.dll+0x7ca3c9]
V  [jvm.dll+0x7cbb53]
V  [jvm.dll+0x7cc1b3]
V  [jvm.dll+0x242ea5]
V  [jvm.dll+0xadeca]
V  [jvm.dll+0xae03d]
V  [jvm.dll+0x68c57a]
V  [jvm.dll+0x21753c]
V  [jvm.dll+0x21524c]
V  [jvm.dll+0x1a1d9b]
V  [jvm.dll+0x2253a8]
V  [jvm.dll+0x2233ec]
V  [jvm.dll+0x780002]
V  [jvm.dll+0x779b4a]
V  [jvm.dll+0x667666]
C  [ucrtbase.dll+0x21bb2]
C  [KERNEL32.DLL+0x17034]
C  [ntdll.dll+0x52651]


---------------  P R O C E S S  ---------------

Threads class SMR info:
_java_thread_list=0x000001de471d5be0, length=17, elements={
0x000001de23beca10, 0x000001de45f5ba80, 0x000001de45f5c740, 0x000001de45f6e2c0,
0x000001de45f6ecc0, 0x000001de45f6f6c0, 0x000001de45f700c0, 0x000001de45f70ea0,
0x000001de45fbe0e0, 0x000001de45fbe730, 0x000001de469ca710, 0x000001de46a84b40,
0x000001de46a86a40, 0x000001de46a88f90, 0x000001de46b7ee50, 0x000001de46b47720,
0x000001de47076360
}

Java Threads: ( => current thread )
  0x000001de23beca10 JavaThread "main" [_thread_in_Java, id=33136, stack(0x0000005233e00000,0x0000005233f00000)]
  0x000001de45f5ba80 JavaThread "Reference Handler" daemon [_thread_blocked, id=9992, stack(0x0000005234500000,0x0000005234600000)]
  0x000001de45f5c740 JavaThread "Finalizer" daemon [_thread_blocked, id=31332, stack(0x0000005234600000,0x0000005234700000)]
  0x000001de45f6e2c0 JavaThread "Signal Dispatcher" daemon [_thread_blocked, id=35348, stack(0x0000005234700000,0x0000005234800000)]
  0x000001de45f6ecc0 JavaThread "Attach Listener" daemon [_thread_blocked, id=8088, stack(0x0000005234800000,0x0000005234900000)]
  0x000001de45f6f6c0 JavaThread "Service Thread" daemon [_thread_blocked, id=31472, stack(0x0000005234900000,0x0000005234a00000)]
  0x000001de45f700c0 JavaThread "Monitor Deflation Thread" daemon [_thread_blocked, id=34188, stack(0x0000005234a00000,0x0000005234b00000)]
  0x000001de45f70ea0 JavaThread "C2 CompilerThread0" daemon [_thread_in_native, id=30748, stack(0x0000005234b00000,0x0000005234c00000)]
  0x000001de45fbe0e0 JavaThread "C1 CompilerThread0" daemon [_thread_blocked, id=30188, stack(0x0000005234c00000,0x0000005234d00000)]
  0x000001de45fbe730 JavaThread "Sweeper thread" daemon [_thread_blocked, id=35656, stack(0x0000005234d00000,0x0000005234e00000)]
  0x000001de469ca710 JavaThread "Common-Cleaner" daemon [_thread_blocked, id=31432, stack(0x0000005234e00000,0x0000005234f00000)]
  0x000001de46a84b40 JavaThread "JDWP Transport Listener: dt_socket" daemon [_thread_blocked, id=30264, stack(0x0000005234f00000,0x0000005235000000)]
  0x000001de46a86a40 JavaThread "JDWP Event Helper Thread" daemon [_thread_blocked, id=820, stack(0x0000005235000000,0x0000005235100000)]
  0x000001de46a88f90 JavaThread "JDWP Command Reader" daemon [_thread_in_native, id=33764, stack(0x0000005235100000,0x0000005235200000)]
  0x000001de46b7ee50 JavaThread "Notification Thread" daemon [_thread_blocked, id=11732, stack(0x0000005235200000,0x0000005235300000)]
=>0x000001de46b47720 JavaThread "C2 CompilerThread1" daemon [_thread_in_native, id=7764, stack(0x0000005235400000,0x0000005235500000)]
  0x000001de47076360 JavaThread "mysql-cj-abandoned-connection-cleanup" daemon [_thread_blocked, id=17300, stack(0x0000005235800000,0x0000005235900000)]

Other Threads:
  0x000001de45f58f40 VMThread "VM Thread" [stack: 0x0000005234400000,0x0000005234500000] [id=28168]
  0x000001de46baf0f0 WatcherThread [stack: 0x0000005235300000,0x0000005235400000] [id=29544]
  0x000001de23c3c010 GCTaskThread "GC Thread#0" [stack: 0x0000005233f00000,0x0000005234000000] [id=30540]
  0x000001de47118760 GCTaskThread "GC Thread#1" [stack: 0x0000005235500000,0x0000005235600000] [id=35624]
  0x000001de47118a70 GCTaskThread "GC Thread#2" [stack: 0x0000005235600000,0x0000005235700000] [id=32268]
  0x000001de47118d80 GCTaskThread "GC Thread#3" [stack: 0x0000005235700000,0x0000005235800000] [id=30852]
  0x000001de23c4d580 ConcurrentGCThread "G1 Main Marker" [stack: 0x0000005234000000,0x0000005234100000] [id=16532]
  0x000001de23c4df70 ConcurrentGCThread "G1 Conc#0" [stack: 0x0000005234100000,0x0000005234200000] [id=35220]
  0x000001de45e084e0 ConcurrentGCThread "G1 Refine#0" [stack: 0x0000005234200000,0x0000005234300000] [id=8640]
  0x000001de45e08d00 ConcurrentGCThread "G1 Service" [stack: 0x0000005234300000,0x0000005234400000] [id=9404]

Threads with active compile tasks:
C2 CompilerThread0     7916 1033 %     4       org.eclipse.jdt.launching.internal.org.objectweb.asm.ClassReader::readCode @ 2035 (5109 bytes)
C2 CompilerThread1     7916 1274       4       org.eclipse.jdt.launching.internal.org.objectweb.asm.ClassReader::readMethod (1061 bytes)

VM state: not at safepoint (normal execution)

VM Mutex/Monitor currently owned by a thread: None

Heap address: 0x0000000701e00000, size: 4066 MB, Compressed Oops mode: Zero based, Oop shift amount: 3

CDS archive(s) mapped at: [0x0000000800000000-0x0000000800bb0000-0x0000000800bb0000), size 12255232, SharedBaseAddress: 0x0000000800000000, ArchiveRelocationMode: 0.
Compressed class space mapped at: 0x0000000800c00000-0x0000000840c00000, reserved size: 1073741824
Narrow klass base: 0x0000000800000000, Narrow klass shift: 3, Narrow klass range: 0x100000000

GC Precious Log:
 CPUs: 4 total, 4 available
 Memory: 16262M
 Large Page Support: Disabled
 NUMA Support: Disabled
 Compressed Oops: Enabled (Zero based)
 Heap Region Size: 2M
 Heap Min Capacity: 8M
 Heap Initial Capacity: 256M
 Heap Max Capacity: 4066M
 Pre-touch: Disabled
 Parallel Workers: 4
 Concurrent Workers: 1
 Concurrent Refinement Workers: 4
 Periodic GC: Disabled

Heap:
 garbage-first heap   total 262144K, used 17326K [0x0000000701e00000, 0x0000000800000000)
  region size 2048K, 10 young (20480K), 1 survivors (2048K)
 Metaspace       used 10315K, committed 10496K, reserved 1064960K
  class space    used 1000K, committed 1088K, reserved 1048576K

Heap Regions: E=young(eden), S=young(survivor), O=old, HS=humongous(starts), HC=humongous(continues), CS=collection set, F=free, OA=open archive, CA=closed archive, TAMS=top-at-mark-start (previous, next)
|   0|0x0000000701e00000, 0x0000000702000000, 0x0000000702000000|100%| O|  |TAMS 0x0000000701e00000, 0x0000000701e00000| Untracked 
|   1|0x0000000702000000, 0x0000000702085200, 0x0000000702200000| 26%| O|  |TAMS 0x0000000702000000, 0x0000000702000000| Untracked 
|   2|0x0000000702200000, 0x0000000702200000, 0x0000000702400000|  0%| F|  |TAMS 0x0000000702200000, 0x0000000702200000| Untracked 
|   3|0x0000000702400000, 0x0000000702400000, 0x0000000702600000|  0%| F|  |TAMS 0x0000000702400000, 0x0000000702400000| Untracked 
|   4|0x0000000702600000, 0x0000000702600000, 0x0000000702800000|  0%| F|  |TAMS 0x0000000702600000, 0x0000000702600000| Untracked 
|   5|0x0000000702800000, 0x0000000702800000, 0x0000000702a00000|  0%| F|  |TAMS 0x0000000702800000, 0x0000000702800000| Untracked 
|   6|0x0000000702a00000, 0x0000000702a00000, 0x0000000702c00000|  0%| F|  |TAMS 0x0000000702a00000, 0x0000000702a00000| Untracked 
|   7|0x0000000702c00000, 0x0000000702c00000, 0x0000000702e00000|  0%| F|  |TAMS 0x0000000702c00000, 0x0000000702c00000| Untracked 
|   8|0x0000000702e00000, 0x0000000702e00000, 0x0000000703000000|  0%| F|  |TAMS 0x0000000702e00000, 0x0000000702e00000| Untracked 
|   9|0x0000000703000000, 0x0000000703000000, 0x0000000703200000|  0%| F|  |TAMS 0x0000000703000000, 0x0000000703000000| Untracked 
|  10|0x0000000703200000, 0x0000000703200000, 0x0000000703400000|  0%| F|  |TAMS 0x0000000703200000, 0x0000000703200000| Untracked 
|  11|0x0000000703400000, 0x0000000703400000, 0x0000000703600000|  0%| F|  |TAMS 0x0000000703400000, 0x0000000703400000| Untracked 
|  12|0x0000000703600000, 0x0000000703600000, 0x0000000703800000|  0%| F|  |TAMS 0x0000000703600000, 0x0000000703600000| Untracked 
|  13|0x0000000703800000, 0x0000000703800000, 0x0000000703a00000|  0%| F|  |TAMS 0x0000000703800000, 0x0000000703800000| Untracked 
|  14|0x0000000703a00000, 0x0000000703a00000, 0x0000000703c00000|  0%| F|  |TAMS 0x0000000703a00000, 0x0000000703a00000| Untracked 
|  15|0x0000000703c00000, 0x0000000703c00000, 0x0000000703e00000|  0%| F|  |TAMS 0x0000000703c00000, 0x0000000703c00000| Untracked 
|  16|0x0000000703e00000, 0x0000000703e00000, 0x0000000704000000|  0%| F|  |TAMS 0x0000000703e00000, 0x0000000703e00000| Untracked 
|  17|0x0000000704000000, 0x0000000704000000, 0x0000000704200000|  0%| F|  |TAMS 0x0000000704000000, 0x0000000704000000| Untracked 
|  18|0x0000000704200000, 0x0000000704200000, 0x0000000704400000|  0%| F|  |TAMS 0x0000000704200000, 0x0000000704200000| Untracked 
|  19|0x0000000704400000, 0x0000000704400000, 0x0000000704600000|  0%| F|  |TAMS 0x0000000704400000, 0x0000000704400000| Untracked 
|  20|0x0000000704600000, 0x0000000704600000, 0x0000000704800000|  0%| F|  |TAMS 0x0000000704600000, 0x0000000704600000| Untracked 
|  21|0x0000000704800000, 0x0000000704800000, 0x0000000704a00000|  0%| F|  |TAMS 0x0000000704800000, 0x0000000704800000| Untracked 
|  22|0x0000000704a00000, 0x0000000704a00000, 0x0000000704c00000|  0%| F|  |TAMS 0x0000000704a00000, 0x0000000704a00000| Untracked 
|  23|0x0000000704c00000, 0x0000000704c00000, 0x0000000704e00000|  0%| F|  |TAMS 0x0000000704c00000, 0x0000000704c00000| Untracked 
|  24|0x0000000704e00000, 0x0000000704e00000, 0x0000000705000000|  0%| F|  |TAMS 0x0000000704e00000, 0x0000000704e00000| Untracked 
|  25|0x0000000705000000, 0x0000000705000000, 0x0000000705200000|  0%| F|  |TAMS 0x0000000705000000, 0x0000000705000000| Untracked 
|  26|0x0000000705200000, 0x0000000705200000, 0x0000000705400000|  0%| F|  |TAMS 0x0000000705200000, 0x0000000705200000| Untracked 
|  27|0x0000000705400000, 0x0000000705400000, 0x0000000705600000|  0%| F|  |TAMS 0x0000000705400000, 0x0000000705400000| Untracked 
|  28|0x0000000705600000, 0x0000000705600000, 0x0000000705800000|  0%| F|  |TAMS 0x0000000705600000, 0x0000000705600000| Untracked 
|  29|0x0000000705800000, 0x0000000705800000, 0x0000000705a00000|  0%| F|  |TAMS 0x0000000705800000, 0x0000000705800000| Untracked 
|  30|0x0000000705a00000, 0x0000000705a00000, 0x0000000705c00000|  0%| F|  |TAMS 0x0000000705a00000, 0x0000000705a00000| Untracked 
|  31|0x0000000705c00000, 0x0000000705c00000, 0x0000000705e00000|  0%| F|  |TAMS 0x0000000705c00000, 0x0000000705c00000| Untracked 
|  32|0x0000000705e00000, 0x0000000705e00000, 0x0000000706000000|  0%| F|  |TAMS 0x0000000705e00000, 0x0000000705e00000| Untracked 
|  33|0x0000000706000000, 0x0000000706000000, 0x0000000706200000|  0%| F|  |TAMS 0x0000000706000000, 0x0000000706000000| Untracked 
|  34|0x0000000706200000, 0x0000000706200000, 0x0000000706400000|  0%| F|  |TAMS 0x0000000706200000, 0x0000000706200000| Untracked 
|  35|0x0000000706400000, 0x0000000706400000, 0x0000000706600000|  0%| F|  |TAMS 0x0000000706400000, 0x0000000706400000| Untracked 
|  36|0x0000000706600000, 0x0000000706600000, 0x0000000706800000|  0%| F|  |TAMS 0x0000000706600000, 0x0000000706600000| Untracked 
|  37|0x0000000706800000, 0x0000000706800000, 0x0000000706a00000|  0%| F|  |TAMS 0x0000000706800000, 0x0000000706800000| Untracked 
|  38|0x0000000706a00000, 0x0000000706a00000, 0x0000000706c00000|  0%| F|  |TAMS 0x0000000706a00000, 0x0000000706a00000| Untracked 
|  39|0x0000000706c00000, 0x0000000706c00000, 0x0000000706e00000|  0%| F|  |TAMS 0x0000000706c00000, 0x0000000706c00000| Untracked 
|  40|0x0000000706e00000, 0x0000000706e00000, 0x0000000707000000|  0%| F|  |TAMS 0x0000000706e00000, 0x0000000706e00000| Untracked 
|  41|0x0000000707000000, 0x0000000707000000, 0x0000000707200000|  0%| F|  |TAMS 0x0000000707000000, 0x0000000707000000| Untracked 
|  42|0x0000000707200000, 0x0000000707200000, 0x0000000707400000|  0%| F|  |TAMS 0x0000000707200000, 0x0000000707200000| Untracked 
|  43|0x0000000707400000, 0x0000000707400000, 0x0000000707600000|  0%| F|  |TAMS 0x0000000707400000, 0x0000000707400000| Untracked 
|  44|0x0000000707600000, 0x0000000707600000, 0x0000000707800000|  0%| F|  |TAMS 0x0000000707600000, 0x0000000707600000| Untracked 
|  45|0x0000000707800000, 0x0000000707800000, 0x0000000707a00000|  0%| F|  |TAMS 0x0000000707800000, 0x0000000707800000| Untracked 
|  46|0x0000000707a00000, 0x0000000707a00000, 0x0000000707c00000|  0%| F|  |TAMS 0x0000000707a00000, 0x0000000707a00000| Untracked 
|  47|0x0000000707c00000, 0x0000000707c00000, 0x0000000707e00000|  0%| F|  |TAMS 0x0000000707c00000, 0x0000000707c00000| Untracked 
|  48|0x0000000707e00000, 0x0000000707e00000, 0x0000000708000000|  0%| F|  |TAMS 0x0000000707e00000, 0x0000000707e00000| Untracked 
|  49|0x0000000708000000, 0x0000000708000000, 0x0000000708200000|  0%| F|  |TAMS 0x0000000708000000, 0x0000000708000000| Untracked 
|  50|0x0000000708200000, 0x0000000708200000, 0x0000000708400000|  0%| F|  |TAMS 0x0000000708200000, 0x0000000708200000| Untracked 
|  51|0x0000000708400000, 0x0000000708400000, 0x0000000708600000|  0%| F|  |TAMS 0x0000000708400000, 0x0000000708400000| Untracked 
|  52|0x0000000708600000, 0x0000000708600000, 0x0000000708800000|  0%| F|  |TAMS 0x0000000708600000, 0x0000000708600000| Untracked 
|  53|0x0000000708800000, 0x0000000708800000, 0x0000000708a00000|  0%| F|  |TAMS 0x0000000708800000, 0x0000000708800000| Untracked 
|  54|0x0000000708a00000, 0x0000000708a00000, 0x0000000708c00000|  0%| F|  |TAMS 0x0000000708a00000, 0x0000000708a00000| Untracked 
|  55|0x0000000708c00000, 0x0000000708c00000, 0x0000000708e00000|  0%| F|  |TAMS 0x0000000708c00000, 0x0000000708c00000| Untracked 
|  56|0x0000000708e00000, 0x0000000708e00000, 0x0000000709000000|  0%| F|  |TAMS 0x0000000708e00000, 0x0000000708e00000| Untracked 
|  57|0x0000000709000000, 0x0000000709000000, 0x0000000709200000|  0%| F|  |TAMS 0x0000000709000000, 0x0000000709000000| Untracked 
|  58|0x0000000709200000, 0x0000000709200000, 0x0000000709400000|  0%| F|  |TAMS 0x0000000709200000, 0x0000000709200000| Untracked 
|  59|0x0000000709400000, 0x0000000709400000, 0x0000000709600000|  0%| F|  |TAMS 0x0000000709400000, 0x0000000709400000| Untracked 
|  60|0x0000000709600000, 0x0000000709600000, 0x0000000709800000|  0%| F|  |TAMS 0x0000000709600000, 0x0000000709600000| Untracked 
|  61|0x0000000709800000, 0x0000000709800000, 0x0000000709a00000|  0%| F|  |TAMS 0x0000000709800000, 0x0000000709800000| Untracked 
|  62|0x0000000709a00000, 0x0000000709a00000, 0x0000000709c00000|  0%| F|  |TAMS 0x0000000709a00000, 0x0000000709a00000| Untracked 
|  63|0x0000000709c00000, 0x0000000709c00000, 0x0000000709e00000|  0%| F|  |TAMS 0x0000000709c00000, 0x0000000709c00000| Untracked 
|  64|0x0000000709e00000, 0x0000000709e00000, 0x000000070a000000|  0%| F|  |TAMS 0x0000000709e00000, 0x0000000709e00000| Untracked 
|  65|0x000000070a000000, 0x000000070a000000, 0x000000070a200000|  0%| F|  |TAMS 0x000000070a000000, 0x000000070a000000| Untracked 
|  66|0x000000070a200000, 0x000000070a200000, 0x000000070a400000|  0%| F|  |TAMS 0x000000070a200000, 0x000000070a200000| Untracked 
|  67|0x000000070a400000, 0x000000070a400000, 0x000000070a600000|  0%| F|  |TAMS 0x000000070a400000, 0x000000070a400000| Untracked 
|  68|0x000000070a600000, 0x000000070a600000, 0x000000070a800000|  0%| F|  |TAMS 0x000000070a600000, 0x000000070a600000| Untracked 
|  69|0x000000070a800000, 0x000000070a800000, 0x000000070aa00000|  0%| F|  |TAMS 0x000000070a800000, 0x000000070a800000| Untracked 
|  70|0x000000070aa00000, 0x000000070aa00000, 0x000000070ac00000|  0%| F|  |TAMS 0x000000070aa00000, 0x000000070aa00000| Untracked 
|  71|0x000000070ac00000, 0x000000070ac00000, 0x000000070ae00000|  0%| F|  |TAMS 0x000000070ac00000, 0x000000070ac00000| Untracked 
|  72|0x000000070ae00000, 0x000000070ae00000, 0x000000070b000000|  0%| F|  |TAMS 0x000000070ae00000, 0x000000070ae00000| Untracked 
|  73|0x000000070b000000, 0x000000070b000000, 0x000000070b200000|  0%| F|  |TAMS 0x000000070b000000, 0x000000070b000000| Untracked 
|  74|0x000000070b200000, 0x000000070b200000, 0x000000070b400000|  0%| F|  |TAMS 0x000000070b200000, 0x000000070b200000| Untracked 
|  75|0x000000070b400000, 0x000000070b400000, 0x000000070b600000|  0%| F|  |TAMS 0x000000070b400000, 0x000000070b400000| Untracked 
|  76|0x000000070b600000, 0x000000070b600000, 0x000000070b800000|  0%| F|  |TAMS 0x000000070b600000, 0x000000070b600000| Untracked 
|  77|0x000000070b800000, 0x000000070b800000, 0x000000070ba00000|  0%| F|  |TAMS 0x000000070b800000, 0x000000070b800000| Untracked 
|  78|0x000000070ba00000, 0x000000070ba00000, 0x000000070bc00000|  0%| F|  |TAMS 0x000000070ba00000, 0x000000070ba00000| Untracked 
|  79|0x000000070bc00000, 0x000000070bc00000, 0x000000070be00000|  0%| F|  |TAMS 0x000000070bc00000, 0x000000070bc00000| Untracked 
|  80|0x000000070be00000, 0x000000070be00000, 0x000000070c000000|  0%| F|  |TAMS 0x000000070be00000, 0x000000070be00000| Untracked 
|  81|0x000000070c000000, 0x000000070c000000, 0x000000070c200000|  0%| F|  |TAMS 0x000000070c000000, 0x000000070c000000| Untracked 
|  82|0x000000070c200000, 0x000000070c200000, 0x000000070c400000|  0%| F|  |TAMS 0x000000070c200000, 0x000000070c200000| Untracked 
|  83|0x000000070c400000, 0x000000070c400000, 0x000000070c600000|  0%| F|  |TAMS 0x000000070c400000, 0x000000070c400000| Untracked 
|  84|0x000000070c600000, 0x000000070c600000, 0x000000070c800000|  0%| F|  |TAMS 0x000000070c600000, 0x000000070c600000| Untracked 
|  85|0x000000070c800000, 0x000000070c800000, 0x000000070ca00000|  0%| F|  |TAMS 0x000000070c800000, 0x000000070c800000| Untracked 
|  86|0x000000070ca00000, 0x000000070ca00000, 0x000000070cc00000|  0%| F|  |TAMS 0x000000070ca00000, 0x000000070ca00000| Untracked 
|  87|0x000000070cc00000, 0x000000070cc00000, 0x000000070ce00000|  0%| F|  |TAMS 0x000000070cc00000, 0x000000070cc00000| Untracked 
|  88|0x000000070ce00000, 0x000000070ce00000, 0x000000070d000000|  0%| F|  |TAMS 0x000000070ce00000, 0x000000070ce00000| Untracked 
|  89|0x000000070d000000, 0x000000070d000000, 0x000000070d200000|  0%| F|  |TAMS 0x000000070d000000, 0x000000070d000000| Untracked 
|  90|0x000000070d200000, 0x000000070d200000, 0x000000070d400000|  0%| F|  |TAMS 0x000000070d200000, 0x000000070d200000| Untracked 
|  91|0x000000070d400000, 0x000000070d400000, 0x000000070d600000|  0%| F|  |TAMS 0x000000070d400000, 0x000000070d400000| Untracked 
|  92|0x000000070d600000, 0x000000070d600000, 0x000000070d800000|  0%| F|  |TAMS 0x000000070d600000, 0x000000070d600000| Untracked 
|  93|0x000000070d800000, 0x000000070d800000, 0x000000070da00000|  0%| F|  |TAMS 0x000000070d800000, 0x000000070d800000| Untracked 
|  94|0x000000070da00000, 0x000000070da00000, 0x000000070dc00000|  0%| F|  |TAMS 0x000000070da00000, 0x000000070da00000| Untracked 
|  95|0x000000070dc00000, 0x000000070dc00000, 0x000000070de00000|  0%| F|  |TAMS 0x000000070dc00000, 0x000000070dc00000| Untracked 
|  96|0x000000070de00000, 0x000000070de00000, 0x000000070e000000|  0%| F|  |TAMS 0x000000070de00000, 0x000000070de00000| Untracked 
|  97|0x000000070e000000, 0x000000070e000000, 0x000000070e200000|  0%| F|  |TAMS 0x000000070e000000, 0x000000070e000000| Untracked 
|  98|0x000000070e200000, 0x000000070e200000, 0x000000070e400000|  0%| F|  |TAMS 0x000000070e200000, 0x000000070e200000| Untracked 
|  99|0x000000070e400000, 0x000000070e400000, 0x000000070e600000|  0%| F|  |TAMS 0x000000070e400000, 0x000000070e400000| Untracked 
| 100|0x000000070e600000, 0x000000070e600000, 0x000000070e800000|  0%| F|  |TAMS 0x000000070e600000, 0x000000070e600000| Untracked 
| 101|0x000000070e800000, 0x000000070e800000, 0x000000070ea00000|  0%| F|  |TAMS 0x000000070e800000, 0x000000070e800000| Untracked 
| 102|0x000000070ea00000, 0x000000070ea00000, 0x000000070ec00000|  0%| F|  |TAMS 0x000000070ea00000, 0x000000070ea00000| Untracked 
| 103|0x000000070ec00000, 0x000000070ec00000, 0x000000070ee00000|  0%| F|  |TAMS 0x000000070ec00000, 0x000000070ec00000| Untracked 
| 104|0x000000070ee00000, 0x000000070ee00000, 0x000000070f000000|  0%| F|  |TAMS 0x000000070ee00000, 0x000000070ee00000| Untracked 
| 105|0x000000070f000000, 0x000000070f000000, 0x000000070f200000|  0%| F|  |TAMS 0x000000070f000000, 0x000000070f000000| Untracked 
| 106|0x000000070f200000, 0x000000070f200000, 0x000000070f400000|  0%| F|  |TAMS 0x000000070f200000, 0x000000070f200000| Untracked 
| 107|0x000000070f400000, 0x000000070f400000, 0x000000070f600000|  0%| F|  |TAMS 0x000000070f400000, 0x000000070f400000| Untracked 
| 108|0x000000070f600000, 0x000000070f600000, 0x000000070f800000|  0%| F|  |TAMS 0x000000070f600000, 0x000000070f600000| Untracked 
| 109|0x000000070f800000, 0x000000070f800000, 0x000000070fa00000|  0%| F|  |TAMS 0x000000070f800000, 0x000000070f800000| Untracked 
| 110|0x000000070fa00000, 0x000000070fa00000, 0x000000070fc00000|  0%| F|  |TAMS 0x000000070fa00000, 0x000000070fa00000| Untracked 
| 111|0x000000070fc00000, 0x000000070fc00000, 0x000000070fe00000|  0%| F|  |TAMS 0x000000070fc00000, 0x000000070fc00000| Untracked 
| 112|0x000000070fe00000, 0x000000070fe00000, 0x0000000710000000|  0%| F|  |TAMS 0x000000070fe00000, 0x000000070fe00000| Untracked 
| 113|0x0000000710000000, 0x0000000710000000, 0x0000000710200000|  0%| F|  |TAMS 0x0000000710000000, 0x0000000710000000| Untracked 
| 114|0x0000000710200000, 0x0000000710200000, 0x0000000710400000|  0%| F|  |TAMS 0x0000000710200000, 0x0000000710200000| Untracked 
| 115|0x0000000710400000, 0x0000000710400000, 0x0000000710600000|  0%| F|  |TAMS 0x0000000710400000, 0x0000000710400000| Untracked 
| 116|0x0000000710600000, 0x0000000710600000, 0x0000000710800000|  0%| F|  |TAMS 0x0000000710600000, 0x0000000710600000| Untracked 
| 117|0x0000000710800000, 0x0000000710800000, 0x0000000710a00000|  0%| F|  |TAMS 0x0000000710800000, 0x0000000710800000| Untracked 
| 118|0x0000000710a00000, 0x0000000710b59818, 0x0000000710c00000| 67%| E|  |TAMS 0x0000000710a00000, 0x0000000710a00000| Complete 
| 119|0x0000000710c00000, 0x0000000710dfedf8, 0x0000000710e00000| 99%| E|  |TAMS 0x0000000710c00000, 0x0000000710c00000| Complete 
| 120|0x0000000710e00000, 0x0000000710e66620, 0x0000000711000000| 19%| S|CS|TAMS 0x0000000710e00000, 0x0000000710e00000| Complete 
| 121|0x0000000711000000, 0x0000000711200000, 0x0000000711200000|100%| E|CS|TAMS 0x0000000711000000, 0x0000000711000000| Complete 
| 122|0x0000000711200000, 0x0000000711400000, 0x0000000711400000|100%| E|CS|TAMS 0x0000000711200000, 0x0000000711200000| Complete 
| 123|0x0000000711400000, 0x0000000711600000, 0x0000000711600000|100%| E|CS|TAMS 0x0000000711400000, 0x0000000711400000| Complete 
| 124|0x0000000711600000, 0x0000000711800000, 0x0000000711800000|100%| E|CS|TAMS 0x0000000711600000, 0x0000000711600000| Complete 
| 125|0x0000000711800000, 0x0000000711a00000, 0x0000000711a00000|100%| E|CS|TAMS 0x0000000711800000, 0x0000000711800000| Complete 
| 126|0x0000000711a00000, 0x0000000711c00000, 0x0000000711c00000|100%| E|CS|TAMS 0x0000000711a00000, 0x0000000711a00000| Complete 
| 127|0x0000000711c00000, 0x0000000711e00000, 0x0000000711e00000|100%| E|CS|TAMS 0x0000000711c00000, 0x0000000711c00000| Complete 

Card table byte_map: [0x000001de3ab70000,0x000001de3b370000] _byte_map_base: 0x000001de37361000

Marking Bits (Prev, Next): (CMBitMap*) 0x000001de23c3c580, (CMBitMap*) 0x000001de23c3c5c0
 Prev Bits: [0x000001de3bb70000, 0x000001de3faf8000)
 Next Bits: [0x000001de3fb00000, 0x000001de43a88000)

Polling page: 0x000001de21da0000

Metaspace:

Usage:
  Non-class:      9.20 MB used.
      Class:   1019.73 KB used.
       Both:     10.19 MB used.

Virtual space:
  Non-class space:       16.00 MB reserved,       9.31 MB ( 58%) committed,  2 nodes.
      Class space:        1.00 GB reserved,       1.06 MB ( <1%) committed,  1 nodes.
              Both:        1.02 GB reserved,      10.38 MB ( <1%) committed. 

Chunk freelists:
   Non-Class:  2.03 MB
       Class:  2.88 MB
        Both:  4.91 MB

MaxMetaspaceSize: 17179869184.00 GB
CompressedClassSpaceSize: 1.00 GB
 - commit_granule_bytes: 65536.
 - commit_granule_words: 8192.
 - virtual_space_node_default_size: 1048576.
 - enlarge_chunks_in_place: 1.
 - new_chunks_are_fully_committed: 0.
 - uncommit_free_chunks: 1.
 - use_allocation_guard: 0.
 - handle_deallocations: 1.


Internal statistics:

num_allocs_failed_limit: 0.
num_arena_births: 82.
num_arena_deaths: 0.
num_vsnodes_births: 3.
num_vsnodes_deaths: 0.
num_space_committed: 166.
num_space_uncommitted: 0.
num_chunks_returned_to_freelist: 0.
num_chunks_taken_from_freelist: 269.
num_chunk_merges: 0.
num_chunk_splits: 191.
num_chunks_enlarged: 153.
num_purges: 0.

CodeHeap 'non-profiled nmethods': size=120000Kb used=495Kb max_used=495Kb free=119504Kb
 bounds [0x000001de32e40000, 0x000001de330b0000, 0x000001de3a370000]
CodeHeap 'profiled nmethods': size=120000Kb used=2607Kb max_used=2607Kb free=117392Kb
 bounds [0x000001de2b910000, 0x000001de2bba0000, 0x000001de32e40000]
CodeHeap 'non-nmethods': size=5760Kb used=1287Kb max_used=1303Kb free=4472Kb
 bounds [0x000001de2b370000, 0x000001de2b5e0000, 0x000001de2b910000]
 total_blobs=1818 nmethods=1299 adapters=432
 compilation: enabled
              stopped_count=0, restarted_count=0
 full_count=0

Compilation events (20 events):
Event: 7.868 Thread 0x000001de45fbe0e0 nmethod 1287 0x000001de2bb8e110 code [0x000001de2bb8e400, 0x000001de2bb8f548]
Event: 7.868 Thread 0x000001de45fbe0e0 1288       3       sun.net.www.protocol.jar.Handler::checkNestedProtocol (18 bytes)
Event: 7.868 Thread 0x000001de45fbe0e0 nmethod 1288 0x000001de2bb90010 code [0x000001de2bb901c0, 0x000001de2bb903a8]
Event: 7.869 Thread 0x000001de45fbe0e0 1290  s    3       java.util.jar.JarFile::getInputStream (72 bytes)
Event: 7.869 Thread 0x000001de45fbe0e0 nmethod 1290 0x000001de2bb90490 code [0x000001de2bb906c0, 0x000001de2bb90c78]
Event: 7.869 Thread 0x000001de45fbe0e0 1292       3       sun.net.www.protocol.jar.Handler::parseURL (212 bytes)
Event: 7.871 Thread 0x000001de45fbe0e0 nmethod 1292 0x000001de2bb90e10 code [0x000001de2bb91180, 0x000001de2bb92448]
Event: 7.871 Thread 0x000001de45fbe0e0 1294       3       java.lang.Thread::interrupted (23 bytes)
Event: 7.871 Thread 0x000001de45fbe0e0 nmethod 1294 0x000001de2bb92d90 code [0x000001de2bb92f40, 0x000001de2bb930c8]
Event: 7.872 Thread 0x000001de45fbe0e0 1295       3       jdk.internal.loader.BuiltinClassLoader::defineClass (121 bytes)
Event: 7.873 Thread 0x000001de45fbe0e0 nmethod 1295 0x000001de2bb93190 code [0x000001de2bb934a0, 0x000001de2bb94868]
Event: 7.873 Thread 0x000001de45fbe0e0 1296       3       java.util.jar.JarFile::getManifest (5 bytes)
Event: 7.873 Thread 0x000001de45fbe0e0 nmethod 1296 0x000001de2bb94f10 code [0x000001de2bb950c0, 0x000001de2bb95208]
Event: 7.873 Thread 0x000001de45fbe0e0 1297       3       jdk.internal.loader.Resource::getByteBuffer (24 bytes)
Event: 7.873 Thread 0x000001de45fbe0e0 nmethod 1297 0x000001de2bb95290 code [0x000001de2bb95480, 0x000001de2bb95bb8]
Event: 7.877 Thread 0x000001de45fbe0e0 1298       3       org.eclipse.jdt.launching.internal.org.objectweb.asm.SymbolTable::put (150 bytes)
Event: 7.877 Thread 0x000001de45fbe0e0 nmethod 1298 0x000001de2bb95d10 code [0x000001de2bb95f00, 0x000001de2bb967f8]
Event: 7.889 Thread 0x000001de45fbe0e0 1299       3       java.util.zip.ZipUtils::CENATX_PERMS (9 bytes)
Event: 7.889 Thread 0x000001de45fbe0e0 nmethod 1299 0x000001de2bb96b10 code [0x000001de2bb96cc0, 0x000001de2bb96e78]
Event: 7.889 Thread 0x000001de45fbe0e0 1300   !   3       jdk.internal.loader.URLClassPath$JarLoader::checkResource (78 bytes)

GC Heap History (4 events):
Event: 7.391 GC heap before
{Heap before GC invocations=0 (full 0):
 garbage-first heap   total 262144K, used 10240K [0x0000000701e00000, 0x0000000800000000)
  region size 2048K, 6 young (12288K), 0 survivors (0K)
 Metaspace       used 5332K, committed 5504K, reserved 1056768K
  class space    used 532K, committed 640K, reserved 1048576K
}
Event: 7.395 GC heap after
{Heap after GC invocations=1 (full 0):
 garbage-first heap   total 262144K, used 2572K [0x0000000701e00000, 0x0000000800000000)
  region size 2048K, 1 young (2048K), 1 survivors (2048K)
 Metaspace       used 5332K, committed 5504K, reserved 1056768K
  class space    used 532K, committed 640K, reserved 1048576K
}
Event: 7.561 GC heap before
{Heap before GC invocations=1 (full 0):
 garbage-first heap   total 262144K, used 14860K [0x0000000701e00000, 0x0000000800000000)
  region size 2048K, 7 young (14336K), 1 survivors (2048K)
 Metaspace       used 7416K, committed 7552K, reserved 1056768K
  class space    used 700K, committed 768K, reserved 1048576K
}
Event: 7.566 GC heap after
{Heap after GC invocations=2 (full 0):
 garbage-first heap   total 262144K, used 2990K [0x0000000701e00000, 0x0000000800000000)
  region size 2048K, 1 young (2048K), 1 survivors (2048K)
 Metaspace       used 7416K, committed 7552K, reserved 1056768K
  class space    used 700K, committed 768K, reserved 1048576K
}

Deoptimization events (20 events):
Event: 7.312 Thread 0x000001de23beca10 Uncommon trap: trap_request=0xffffffde fr.pc=0x000001de32e81a40 relative=0x0000000000001a60
Event: 7.312 Thread 0x000001de23beca10 Uncommon trap: reason=class_check action=maybe_recompile pc=0x000001de32e81a40 method=java.util.HashMap.putVal(ILjava/lang/Object;Ljava/lang/Object;ZZ)Ljava/lang/Object; @ 203 c2
Event: 7.312 Thread 0x000001de23beca10 DEOPT PACKING pc=0x000001de32e81a40 sp=0x0000005233efcef0
Event: 7.312 Thread 0x000001de23beca10 DEOPT UNPACKING pc=0x000001de2b3bd72e sp=0x0000005233efce58 mode 2
Event: 7.452 Thread 0x000001de23beca10 Uncommon trap: trap_request=0xffffff45 fr.pc=0x000001de32e729a8 relative=0x0000000000000768
Event: 7.452 Thread 0x000001de23beca10 Uncommon trap: reason=unstable_if action=reinterpret pc=0x000001de32e729a8 method=org.eclipse.jdt.launching.internal.org.objectweb.asm.ClassReader.readUtf(II[C)Ljava/lang/String; @ 41 c2
Event: 7.452 Thread 0x000001de23beca10 DEOPT PACKING pc=0x000001de32e729a8 sp=0x0000005233ef02d0
Event: 7.452 Thread 0x000001de23beca10 DEOPT UNPACKING pc=0x000001de2b3bd72e sp=0x0000005233ef02b8 mode 2
Event: 7.595 Thread 0x000001de23beca10 Uncommon trap: trap_request=0xffffff45 fr.pc=0x000001de32e8ed50 relative=0x0000000000000130
Event: 7.595 Thread 0x000001de23beca10 Uncommon trap: reason=unstable_if action=reinterpret pc=0x000001de32e8ed50 method=java.lang.CharacterDataLatin1.digit(II)I @ 12 c2
Event: 7.595 Thread 0x000001de23beca10 DEOPT PACKING pc=0x000001de32e8ed50 sp=0x0000005233efe6f0
Event: 7.595 Thread 0x000001de23beca10 DEOPT UNPACKING pc=0x000001de2b3bd72e sp=0x0000005233efe5c8 mode 2
Event: 7.668 Thread 0x000001de23beca10 DEOPT PACKING pc=0x000001de2bae9c64 sp=0x0000005233efd450
Event: 7.668 Thread 0x000001de23beca10 DEOPT UNPACKING pc=0x000001de2b3bdece sp=0x0000005233efc908 mode 1
Event: 7.676 Thread 0x000001de23beca10 DEOPT PACKING pc=0x000001de2bae9c64 sp=0x0000005233efd440
Event: 7.676 Thread 0x000001de23beca10 DEOPT UNPACKING pc=0x000001de2b3bdece sp=0x0000005233efc8f8 mode 1
Event: 7.793 Thread 0x000001de23beca10 Uncommon trap: trap_request=0xffffff45 fr.pc=0x000001de32ea31fc relative=0x000000000000025c
Event: 7.793 Thread 0x000001de23beca10 Uncommon trap: reason=unstable_if action=reinterpret pc=0x000001de32ea31fc method=java.lang.String.startsWith(Ljava/lang/String;I)Z @ 1 c2
Event: 7.793 Thread 0x000001de23beca10 DEOPT PACKING pc=0x000001de32ea31fc sp=0x0000005233efe790
Event: 7.793 Thread 0x000001de23beca10 DEOPT UNPACKING pc=0x000001de2b3bd72e sp=0x0000005233efe708 mode 2

Classes unloaded (0 events):
No events

Classes redefined (0 events):
No events

Internal exceptions (12 events):
Event: 0.649 Thread 0x000001de23beca10 Exception <a 'java/lang/NoSuchMethodError'{0x0000000711bec7b8}: 'java.lang.Object java.lang.invoke.DirectMethodHandle$Holder.invokeStatic(java.lang.Object)'> (0x0000000711bec7b8) 
thrown [t:\workspace\open\src\hotspot\share\interpreter\linkResolver.cpp, line 790]
Event: 7.183 Thread 0x000001de23beca10 Exception <a 'java/lang/NoSuchMethodError'{0x000000071164d2e0}: 'void java.lang.invoke.DirectMethodHandle$Holder.invokeSpecial(java.lang.Object, java.lang.Object, java.lang.Object)'> (0x000000071164d2e0) 
thrown [t:\workspace\open\src\hotspot\share\interpreter\linkResolver.cpp, line 790]
Event: 7.209 Thread 0x000001de23beca10 Exception <a 'java/lang/NoSuchMethodError'{0x00000007116fd110}: 'java.lang.Object java.lang.invoke.DirectMethodHandle$Holder.invokeStaticInit(java.lang.Object)'> (0x00000007116fd110) 
thrown [t:\workspace\open\src\hotspot\share\interpreter\linkResolver.cpp, line 790]
Event: 7.234 Thread 0x000001de23beca10 Exception <a 'java/lang/NoSuchMethodError'{0x00000007117b1548}: 'java.lang.Object java.lang.invoke.DirectMethodHandle$Holder.invokeInterface(java.lang.Object, java.lang.Object)'> (0x00000007117b1548) 
thrown [t:\workspace\open\src\hotspot\share\interpreter\linkResolver.cpp, line 790]
Event: 7.235 Thread 0x000001de23beca10 Exception <a 'java/lang/NoSuchMethodError'{0x00000007117b9c00}: 'java.lang.Object java.lang.invoke.DirectMethodHandle$Holder.invokeStaticInit(java.lang.Object, java.lang.Object, java.lang.Object)'> (0x00000007117b9c00) 
thrown [t:\workspace\open\src\hotspot\share\interpreter\linkResolver.cpp, line 790]
Event: 7.239 Thread 0x000001de23beca10 Exception <a 'java/lang/NoSuchMethodError'{0x00000007117db8f8}: 'int java.lang.invoke.DirectMethodHandle$Holder.invokeInterface(java.lang.Object, java.lang.Object)'> (0x00000007117db8f8) 
thrown [t:\workspace\open\src\hotspot\share\interpreter\linkResolver.cpp, line 790]
Event: 7.240 Thread 0x000001de23beca10 Exception <a 'java/lang/IncompatibleClassChangeError'{0x00000007117df398}: Found class java.lang.Object, but interface was expected> (0x00000007117df398) 
thrown [t:\workspace\open\src\hotspot\share\interpreter\linkResolver.cpp, line 857]
Event: 7.240 Thread 0x000001de23beca10 Exception <a 'java/lang/NoSuchMethodError'{0x00000007117e5230}: 'void java.lang.invoke.DirectMethodHandle$Holder.invokeStatic(java.lang.Object, java.lang.Object)'> (0x00000007117e5230) 
thrown [t:\workspace\open\src\hotspot\share\interpreter\linkResolver.cpp, line 790]
Event: 7.293 Thread 0x000001de23beca10 Exception <a 'java/lang/NoSuchMethodError'{0x0000000711514818}: 'int java.lang.invoke.DirectMethodHandle$Holder.invokeSpecial(java.lang.Object, java.lang.Object, java.lang.Object)'> (0x0000000711514818) 
thrown [t:\workspace\open\src\hotspot\share\interpreter\linkResolver.cpp, line 790]
Event: 7.338 Thread 0x000001de23beca10 Exception <a 'java/lang/NoSuchMethodError'{0x000000071122c7b8}: 'void java.lang.invoke.DirectMethodHandle$Holder.invokeStatic(java.lang.Object, java.lang.Object, java.lang.Object)'> (0x000000071122c7b8) 
thrown [t:\workspace\open\src\hotspot\share\interpreter\linkResolver.cpp, line 790]
Event: 7.782 Thread 0x000001de23beca10 Exception <a 'sun/nio/fs/WindowsException'{0x00000007115cb798}> (0x00000007115cb798) 
thrown [t:\workspace\open\src\hotspot\share\prims\jni.cpp, line 579]
Event: 7.808 Thread 0x000001de23beca10 Exception <a 'java/lang/NoSuchMethodError'{0x000000071122fc00}: 'java.lang.Object java.lang.invoke.DirectMethodHandle$Holder.invokeStaticInit(java.lang.Object, int, int, int, int)'> (0x000000071122fc00) 
thrown [t:\workspace\open\src\hotspot\share\interpreter\linkResolver.cpp, line 790]

Events (20 events):
Event: 7.810 loading class java/lang/ArrayIndexOutOfBoundsException
Event: 7.810 loading class java/lang/ArrayIndexOutOfBoundsException done
Event: 7.811 loading class sun/security/provider/SecureRandom
Event: 7.811 loading class sun/security/provider/SecureRandom done
Event: 7.811 loading class sun/security/provider/SecureRandom$SeederHolder
Event: 7.811 loading class sun/security/provider/SecureRandom$SeederHolder done
Event: 7.811 loading class sun/security/provider/SeedGenerator
Event: 7.812 loading class sun/security/provider/SeedGenerator done
Event: 7.812 loading class sun/security/provider/NativeSeedGenerator
Event: 7.812 loading class sun/security/provider/NativeSeedGenerator done
Event: 7.816 loading class sun/security/provider/SeedGenerator$1
Event: 7.816 loading class sun/security/provider/SeedGenerator$1 done
Event: 7.816 loading class java/lang/StringCoding$StringEncoder
Event: 7.816 loading class java/lang/StringCoding$StringEncoder done
Event: 7.828 loading class java/net/NetworkInterface$1
Event: 7.828 loading class java/net/NetworkInterface$1 done
Event: 7.836 loading class java/nio/file/Files$AcceptAllFilter
Event: 7.836 loading class java/nio/file/Files$AcceptAllFilter done
Event: 7.849 loading class sun/security/provider/MD5
Event: 7.849 loading class sun/security/provider/MD5 done


Dynamic libraries:
0x00007ff73c5a0000 - 0x00007ff73c5b0000 	C:\jdk-16.0.1\bin\javaw.exe
0x00007ffbd2250000 - 0x00007ffbd2445000 	C:\Windows\SYSTEM32\ntdll.dll
0x00007ffbd1930000 - 0x00007ffbd19ed000 	C:\Windows\System32\KERNEL32.DLL
0x00007ffbcfc60000 - 0x00007ffbcff28000 	C:\Windows\System32\KERNELBASE.dll
0x00007ffbcfb60000 - 0x00007ffbcfc60000 	C:\Windows\System32\ucrtbase.dll
0x00007ffbbfe60000 - 0x00007ffbbfe78000 	C:\jdk-16.0.1\bin\jli.dll
0x00007ffbbef90000 - 0x00007ffbbefa9000 	C:\jdk-16.0.1\bin\VCRUNTIME140.dll
0x00007ffbd07c0000 - 0x00007ffbd086c000 	C:\Windows\System32\ADVAPI32.dll
0x00007ffbd13c0000 - 0x00007ffbd145e000 	C:\Windows\System32\msvcrt.dll
0x00007ffbd2050000 - 0x00007ffbd20eb000 	C:\Windows\System32\sechost.dll
0x00007ffbd1750000 - 0x00007ffbd187b000 	C:\Windows\System32\RPCRT4.dll
0x00007ffbd0940000 - 0x00007ffbd0ae0000 	C:\Windows\System32\USER32.dll
0x00007ffbd0040000 - 0x00007ffbd0062000 	C:\Windows\System32\win32u.dll
0x00007ffbd0430000 - 0x00007ffbd045a000 	C:\Windows\System32\GDI32.dll
0x00007ffbcff30000 - 0x00007ffbd003b000 	C:\Windows\System32\gdi32full.dll
0x00007ffbbfae0000 - 0x00007ffbbfd7a000 	C:\Windows\WinSxS\amd64_microsoft.windows.common-controls_6595b64144ccf1df_6.0.19041.844_none_ca00b6081b84eb1d\COMCTL32.dll
0x00007ffbcf990000 - 0x00007ffbcfa2d000 	C:\Windows\System32\msvcp_win.dll
0x00007ffbbce80000 - 0x00007ffbbce8a000 	C:\Windows\SYSTEM32\VERSION.dll
0x00007ffbd21e0000 - 0x00007ffbd2210000 	C:\Windows\System32\IMM32.DLL
0x00007ffbcb500000 - 0x00007ffbcb50c000 	C:\jdk-16.0.1\bin\vcruntime140_1.dll
0x00007ffbb4b30000 - 0x00007ffbb4bc1000 	C:\jdk-16.0.1\bin\msvcp140.dll
0x00007ffb82400000 - 0x00007ffb82fab000 	C:\jdk-16.0.1\bin\server\jvm.dll
0x00007ffbd0af0000 - 0x00007ffbd0af8000 	C:\Windows\System32\PSAPI.DLL
0x00007ffbb4f60000 - 0x00007ffbb4f69000 	C:\Windows\SYSTEM32\WSOCK32.dll
0x00007ffbc1a70000 - 0x00007ffbc1a97000 	C:\Windows\SYSTEM32\WINMM.dll
0x00007ffbd20f0000 - 0x00007ffbd215b000 	C:\Windows\System32\WS2_32.dll
0x00007ffbcd8e0000 - 0x00007ffbcd8f2000 	C:\Windows\SYSTEM32\kernel.appcore.dll
0x00007ffbcb550000 - 0x00007ffbcb55a000 	C:\jdk-16.0.1\bin\jimage.dll
0x00007ffbb9cf0000 - 0x00007ffbb9ed4000 	C:\Windows\SYSTEM32\DBGHELP.DLL
0x00007ffbb9c60000 - 0x00007ffbb9c8c000 	C:\Windows\SYSTEM32\dbgcore.DLL
0x00007ffbd0070000 - 0x00007ffbd00f0000 	C:\Windows\System32\bcryptPrimitives.dll
0x00007ffbb6660000 - 0x00007ffbb669b000 	C:\jdk-16.0.1\bin\jdwp.dll
0x00007ffbc85f0000 - 0x00007ffbc85fe000 	C:\jdk-16.0.1\bin\instrument.dll
0x00007ffbbeaa0000 - 0x00007ffbbeac5000 	C:\jdk-16.0.1\bin\java.dll
0x00007ffbd0b00000 - 0x00007ffbd1242000 	C:\Windows\System32\SHELL32.dll
0x00007ffbcdae0000 - 0x00007ffbce270000 	C:\Windows\SYSTEM32\windows.storage.dll
0x00007ffbd0460000 - 0x00007ffbd07b5000 	C:\Windows\System32\combase.dll
0x00007ffbcf390000 - 0x00007ffbcf3bc000 	C:\Windows\SYSTEM32\Wldp.dll
0x00007ffbd1880000 - 0x00007ffbd192e000 	C:\Windows\System32\SHCORE.dll
0x00007ffbd12b0000 - 0x00007ffbd1305000 	C:\Windows\System32\shlwapi.dll
0x00007ffbcf8d0000 - 0x00007ffbcf8ef000 	C:\Windows\SYSTEM32\profapi.dll
0x00007ffbc70c0000 - 0x00007ffbc70cc000 	C:\jdk-16.0.1\bin\dt_socket.dll
0x00007ffbced90000 - 0x00007ffbcedcb000 	C:\Windows\SYSTEM32\IPHLPAPI.DLL
0x00007ffbcf0a0000 - 0x00007ffbcf10a000 	C:\Windows\system32\mswsock.dll
0x00007ffbcedd0000 - 0x00007ffbcee9c000 	C:\Windows\SYSTEM32\DNSAPI.dll
0x00007ffbd1fb0000 - 0x00007ffbd1fb8000 	C:\Windows\System32\NSI.dll
0x00007ffbc38e0000 - 0x00007ffbc38ea000 	C:\Windows\System32\rasadhlp.dll
0x00007ffbc36d0000 - 0x00007ffbc374f000 	C:\Windows\System32\fwpuclnt.dll
0x00007ffbcfb30000 - 0x00007ffbcfb57000 	C:\Windows\System32\bcrypt.dll
0x00007ffbba760000 - 0x00007ffbba778000 	C:\jdk-16.0.1\bin\zip.dll
0x00007ffbbfdc0000 - 0x00007ffbbfdd9000 	C:\jdk-16.0.1\bin\net.dll
0x00007ffbc4060000 - 0x00007ffbc416b000 	C:\Windows\SYSTEM32\WINHTTP.dll
0x00007ffbbabf0000 - 0x00007ffbbac03000 	C:\jdk-16.0.1\bin\nio.dll
0x00007ffbcb530000 - 0x00007ffbcb540000 	C:\jdk-16.0.1\bin\verify.dll
0x00007ffbc9220000 - 0x00007ffbc9229000 	C:\jdk-16.0.1\bin\management.dll
0x00007ffbc91f0000 - 0x00007ffbc91fb000 	C:\jdk-16.0.1\bin\management_ext.dll
0x00007ffbb1ef0000 - 0x00007ffbb1f07000 	C:\Windows\system32\napinsp.dll
0x00007ffbb13c0000 - 0x00007ffbb13db000 	C:\Windows\system32\pnrpnsp.dll
0x00007ffbb13a0000 - 0x00007ffbb13b5000 	C:\Windows\system32\wshbth.dll
0x00007ffbcb400000 - 0x00007ffbcb41d000 	C:\Windows\system32\NLAapi.dll
0x00007ffbb1310000 - 0x00007ffbb1322000 	C:\Windows\System32\winrnr.dll
0x00007ffbca490000 - 0x00007ffbca49e000 	C:\jdk-16.0.1\bin\sunmscapi.dll
0x00007ffbd0150000 - 0x00007ffbd02af000 	C:\Windows\System32\CRYPT32.dll
0x00007ffbcf400000 - 0x00007ffbcf427000 	C:\Windows\SYSTEM32\ncrypt.dll
0x00007ffbcf3c0000 - 0x00007ffbcf3fb000 	C:\Windows\SYSTEM32\NTASN1.dll
0x00007ffbcf270000 - 0x00007ffbcf288000 	C:\Windows\SYSTEM32\CRYPTSP.dll
0x00007ffbcea40000 - 0x00007ffbcea74000 	C:\Windows\system32\rsaenh.dll
0x00007ffbcf850000 - 0x00007ffbcf87e000 	C:\Windows\SYSTEM32\USERENV.dll
0x00007ffbcf290000 - 0x00007ffbcf29c000 	C:\Windows\SYSTEM32\CRYPTBASE.dll
0x00007ffbc5a70000 - 0x00007ffbc5a87000 	C:\Windows\SYSTEM32\dhcpcsvc6.DLL
0x00007ffbc5a30000 - 0x00007ffbc5a4d000 	C:\Windows\SYSTEM32\dhcpcsvc.DLL

dbghelp: loaded successfully - version: 4.0.5 - missing functions: none
symbol engine: initialized successfully - sym options: 0x614 - pdb path: .;C:\jdk-16.0.1\bin;C:\Windows\SYSTEM32;C:\Windows\WinSxS\amd64_microsoft.windows.common-controls_6595b64144ccf1df_6.0.19041.844_none_ca00b6081b84eb1d;C:\jdk-16.0.1\bin\server

VM Arguments:
jvm_args: -XX:+ShowCodeDetailsInExceptionMessages -agentlib:jdwp=transport=dt_socket,suspend=y,address=localhost:53352 -javaagent:C:\Users\LENOVO THINKPD T440\eclipse\jee-2021-03\eclipse\configuration\org.eclipse.osgi\936\0\.cp\lib\javaagent-shaded.jar -Dfile.encoding=Cp1252 
java_command: Sql_Query_Like
java_class_path (initial): D:\AdvJava_NatarajSir\WorkSpace\JDBC_Proj1\bin;C:\oraclexe\app\oracle\product\11.2.0\server\jdbc\lib\ojdbc6.jar;D:\softwares\mysql-connector-java-8.0.25.jar
Launcher Type: SUN_STANDARD

[Global flags]
     intx CICompilerCount                          = 3                                         {product} {ergonomic}
     uint ConcGCThreads                            = 1                                         {product} {ergonomic}
     uint G1ConcRefinementThreads                  = 4                                         {product} {ergonomic}
   size_t G1HeapRegionSize                         = 2097152                                   {product} {ergonomic}
    uintx GCDrainStackTargetSize                   = 64                                        {product} {ergonomic}
   size_t InitialHeapSize                          = 268435456                                 {product} {ergonomic}
   size_t MarkStackSize                            = 4194304                                   {product} {ergonomic}
   size_t MaxHeapSize                              = 4263510016                                {product} {ergonomic}
   size_t MaxNewSize                               = 2556428288                                {product} {ergonomic}
   size_t MinHeapDeltaBytes                        = 2097152                                   {product} {ergonomic}
   size_t MinHeapSize                              = 8388608                                   {product} {ergonomic}
    uintx NonNMethodCodeHeapSize                   = 5832780                                {pd product} {ergonomic}
    uintx NonProfiledCodeHeapSize                  = 122912730                              {pd product} {ergonomic}
    uintx ProfiledCodeHeapSize                     = 122912730                              {pd product} {ergonomic}
    uintx ReservedCodeCacheSize                    = 251658240                              {pd product} {ergonomic}
     bool SegmentedCodeCache                       = true                                      {product} {ergonomic}
     bool ShowCodeDetailsInExceptionMessages       = true                                   {manageable} {command line}
   size_t SoftMaxHeapSize                          = 4263510016                             {manageable} {ergonomic}
     bool UseCompressedClassPointers               = true                           {product lp64_product} {ergonomic}
     bool UseCompressedOops                        = true                           {product lp64_product} {ergonomic}
     bool UseG1GC                                  = true                                      {product} {ergonomic}
     bool UseLargePagesIndividualAllocation        = false                                  {pd product} {ergonomic}

Logging:
Log output configuration:
 #0: stdout all=warning uptime,level,tags
 #1: stderr all=off uptime,level,tags

Environment Variables:
CLASSPATH=D:\softwares\mysql-connector-java-8.0.25.jar;C:\oraclexe\app\oracle\product\11.2.0\server\jdbc\lib\ojdbc6.jar;.;
PATH=C:/jdk-16.0.1/bin/server;C:/jdk-16.0.1/bin;C:\oraclexe\app\oracle\product\11.2.0\server\bin;;C:\jdk-16.0.1\bin;C:\Program Files\Common Files\Oracle\Java\javapath;C:\Program Files (x86)\Common Files\Oracle\Java\javapath;D:\softwares\WINDOWS.X64_193000_db_home\bin;C:\Program Files (x86)\VMware\VMware Workstation\bin\;C:\Windows\system32;C:\Windows;C:\Windows\System32\Wbem;C:\Windows\System32\WindowsPowerShell\v1.0\;C:\Windows\System32\OpenSSH\;C:\Program Files\Intel\WiFi\bin\;C:\Program Files\Common Files\Intel\WirelessCommon\;C:\Program Files\MongoDB\Server\4.4\bin;C:\Program Files\dotnet\;C:\Program Files\Microsoft SQL Server\130\Tools\Binn\;C:\Program Files\Microsoft SQL Server\Client SDK\ODBC\170\Tools\Binn\;C:\Program Files\MySQL\MySQL Server 8.0\bin;C:\Program Files\MySQL\MySQL Shell 8.0\bin;C:\Program Files\MySQL\MySQL Workbench 8.0;C:\Program Files\MySQL\MySQL Shell 8.0\bin\;C:\Users\LENOVO THINKPD T440\AppData\Local\Microsoft\WindowsApps;C:\Program Files\Intel\WiFi\bin\;C:\Program Files\Common Files\Intel\WirelessCommon\;C:\Users\LENOVO THINKPD T440\.dotnet\tools;C:\Windows\system32;
USERNAME=LENOVO THINKPD T440
OS=Windows_NT
PROCESSOR_IDENTIFIER=Intel64 Family 6 Model 61 Stepping 4, GenuineIntel



---------------  S Y S T E M  ---------------

OS:
 Windows 10 , 64 bit Build 19041 (10.0.19041.928)
OS uptime: 13 days 14:34 hours

CPU: total 4 (initial active 4) (2 cores per cpu, 2 threads per core) family 6 model 61 stepping 4 microcode 0x2f, cx8, cmov, fxsr, ht, mmx, 3dnowpref, sse, sse2, sse3, ssse3, sse4.1, sse4.2, popcnt, lzcnt, tsc, tscinvbit, avx, avx2, aes, erms, clmul, bmi1, bmi2, rtm, adx, fma, vzeroupper, clflush

Memory: 4k page, system-wide physical 16262M (9076M free)
TotalPageFile size 28700M (AvailPageFile size 1M)
current process WorkingSet (physical memory assigned to process): 123M, peak: 123M
current process commit charge ("private bytes"): 398M, peak: 398M

vm_info: Java HotSpot(TM) 64-Bit Server VM (16.0.1+9-24) for windows-amd64 JRE (16.0.1+9-24), built on Mar 26 2021 19:31:42 by "mach5one" with MS VC++ 16.7 (VS2019)

END.
